<?xml version="1.0" encoding="UTF-8"?>
<!-- Generated by org.testng.reporters.JUnitReportReporter -->
<testsuite skipped="0" hostname="Manoj-PC" name="com.mycompany.ReadURL.App" tests="2" failures="0" timestamp="09 Feb 2019 11:29:48 GMT" time="1.217" errors="0">
  <testcase name="PrintData" time="0.594" classname="com.mycompany.ReadURL.App"/>
  <testcase name="TestOutput" time="0.623" classname="com.mycompany.ReadURL.App"/>
</testsuite> <!-- com.mycompany.ReadURL.App -->
